<?xml version="1.0" encoding="UTF-8"?>
<testsuite xmlns:xsi="http://www.w3.org/2001/XMLSchema-instance" xsi:noNamespaceSchemaLocation="https://maven.apache.org/surefire/maven-surefire-plugin/xsd/surefire-test-report-3.0.xsd" version="3.0" name="org.example.AppTest" time="0.014" tests="1" errors="0" skipped="0" failures="0">
  <properties>
    <property name="sun.desktop" value="windows"/>
    <property name="awt.toolkit" value="sun.awt.windows.WToolkit"/>
    <property name="file.encoding.pkg" value="sun.io"/>
    <property name="java.specification.version" value="1.8"/>
    <property name="sun.cpu.isalist" value="amd64"/>
    <property name="sun.jnu.encoding" value="GBK"/>
    <property name="java.class.path" value="E:\MavenProject\wordcount_english\target\test-classes;E:\MavenProject\wordcount_english\target\classes;E:\apache-maven-3.9.4\maven_repository\junit\junit\3.8.1\junit-3.8.1.jar;E:\apache-maven-3.9.4\maven_repository\org\apache\hadoop\hadoop-common\3.3.4\hadoop-common-3.3.4.jar;E:\apache-maven-3.9.4\maven_repository\org\apache\hadoop\thirdparty\hadoop-shaded-protobuf_3_7\1.1.1\hadoop-shaded-protobuf_3_7-1.1.1.jar;E:\apache-maven-3.9.4\maven_repository\org\apache\hadoop\hadoop-annotations\3.3.4\hadoop-annotations-3.3.4.jar;C:\Java\jdk-1.8\jre\..\lib\tools.jar;E:\apache-maven-3.9.4\maven_repository\org\apache\hadoop\thirdparty\hadoop-shaded-guava\1.1.1\hadoop-shaded-guava-1.1.1.jar;E:\apache-maven-3.9.4\maven_repository\com\google\guava\guava\27.0-jre\guava-27.0-jre.jar;E:\apache-maven-3.9.4\maven_repository\com\google\guava\failureaccess\1.0\failureaccess-1.0.jar;E:\apache-maven-3.9.4\maven_repository\com\google\guava\listenablefuture\9999.0-empty-to-avoid-conflict-with-guava\listenablefuture-9999.0-empty-to-avoid-conflict-with-guava.jar;E:\apache-maven-3.9.4\maven_repository\org\checkerframework\checker-qual\2.5.2\checker-qual-2.5.2.jar;E:\apache-maven-3.9.4\maven_repository\com\google\j2objc\j2objc-annotations\1.1\j2objc-annotations-1.1.jar;E:\apache-maven-3.9.4\maven_repository\org\codehaus\mojo\animal-sniffer-annotations\1.17\animal-sniffer-annotations-1.17.jar;E:\apache-maven-3.9.4\maven_repository\commons-cli\commons-cli\1.2\commons-cli-1.2.jar;E:\apache-maven-3.9.4\maven_repository\org\apache\commons\commons-math3\3.1.1\commons-math3-3.1.1.jar;E:\apache-maven-3.9.4\maven_repository\org\apache\httpcomponents\httpclient\4.5.13\httpclient-4.5.13.jar;E:\apache-maven-3.9.4\maven_repository\org\apache\httpcomponents\httpcore\4.4.13\httpcore-4.4.13.jar;E:\apache-maven-3.9.4\maven_repository\commons-codec\commons-codec\1.15\commons-codec-1.15.jar;E:\apache-maven-3.9.4\maven_repository\commons-io\commons-io\2.8.0\commons-io-2.8.0.jar;E:\apache-maven-3.9.4\maven_repository\commons-net\commons-net\3.6\commons-net-3.6.jar;E:\apache-maven-3.9.4\maven_repository\commons-collections\commons-collections\3.2.2\commons-collections-3.2.2.jar;E:\apache-maven-3.9.4\maven_repository\javax\servlet\javax.servlet-api\3.1.0\javax.servlet-api-3.1.0.jar;E:\apache-maven-3.9.4\maven_repository\jakarta\activation\jakarta.activation-api\1.2.1\jakarta.activation-api-1.2.1.jar;E:\apache-maven-3.9.4\maven_repository\org\eclipse\jetty\jetty-server\9.4.43.v20210629\jetty-server-9.4.43.v20210629.jar;E:\apache-maven-3.9.4\maven_repository\org\eclipse\jetty\jetty-http\9.4.43.v20210629\jetty-http-9.4.43.v20210629.jar;E:\apache-maven-3.9.4\maven_repository\org\eclipse\jetty\jetty-io\9.4.43.v20210629\jetty-io-9.4.43.v20210629.jar;E:\apache-maven-3.9.4\maven_repository\org\eclipse\jetty\jetty-util\9.4.43.v20210629\jetty-util-9.4.43.v20210629.jar;E:\apache-maven-3.9.4\maven_repository\org\eclipse\jetty\jetty-servlet\9.4.43.v20210629\jetty-servlet-9.4.43.v20210629.jar;E:\apache-maven-3.9.4\maven_repository\org\eclipse\jetty\jetty-security\9.4.43.v20210629\jetty-security-9.4.43.v20210629.jar;E:\apache-maven-3.9.4\maven_repository\org\eclipse\jetty\jetty-webapp\9.4.43.v20210629\jetty-webapp-9.4.43.v20210629.jar;E:\apache-maven-3.9.4\maven_repository\org\eclipse\jetty\jetty-xml\9.4.43.v20210629\jetty-xml-9.4.43.v20210629.jar;E:\apache-maven-3.9.4\maven_repository\javax\servlet\jsp\jsp-api\2.1\jsp-api-2.1.jar;E:\apache-maven-3.9.4\maven_repository\com\sun\jersey\jersey-core\1.19\jersey-core-1.19.jar;E:\apache-maven-3.9.4\maven_repository\javax\ws\rs\jsr311-api\1.1.1\jsr311-api-1.1.1.jar;E:\apache-maven-3.9.4\maven_repository\com\sun\jersey\jersey-servlet\1.19\jersey-servlet-1.19.jar;E:\apache-maven-3.9.4\maven_repository\com\sun\jersey\jersey-json\1.19\jersey-json-1.19.jar;E:\apache-maven-3.9.4\maven_repository\org\codehaus\jettison\jettison\1.1\jettison-1.1.jar;E:\apache-maven-3.9.4\maven_repository\com\sun\xml\bind\jaxb-impl\2.2.3-1\jaxb-impl-2.2.3-1.jar;E:\apache-maven-3.9.4\maven_repository\org\codehaus\jackson\jackson-core-asl\1.9.2\jackson-core-asl-1.9.2.jar;E:\apache-maven-3.9.4\maven_repository\org\codehaus\jackson\jackson-mapper-asl\1.9.2\jackson-mapper-asl-1.9.2.jar;E:\apache-maven-3.9.4\maven_repository\org\codehaus\jackson\jackson-jaxrs\1.9.2\jackson-jaxrs-1.9.2.jar;E:\apache-maven-3.9.4\maven_repository\org\codehaus\jackson\jackson-xc\1.9.2\jackson-xc-1.9.2.jar;E:\apache-maven-3.9.4\maven_repository\com\sun\jersey\jersey-server\1.19\jersey-server-1.19.jar;E:\apache-maven-3.9.4\maven_repository\commons-logging\commons-logging\1.1.3\commons-logging-1.1.3.jar;E:\apache-maven-3.9.4\maven_repository\ch\qos\reload4j\reload4j\1.2.22\reload4j-1.2.22.jar;E:\apache-maven-3.9.4\maven_repository\commons-beanutils\commons-beanutils\1.9.4\commons-beanutils-1.9.4.jar;E:\apache-maven-3.9.4\maven_repository\org\apache\commons\commons-configuration2\2.1.1\commons-configuration2-2.1.1.jar;E:\apache-maven-3.9.4\maven_repository\org\apache\commons\commons-lang3\3.12.0\commons-lang3-3.12.0.jar;E:\apache-maven-3.9.4\maven_repository\org\apache\commons\commons-text\1.4\commons-text-1.4.jar;E:\apache-maven-3.9.4\maven_repository\org\slf4j\slf4j-api\1.7.36\slf4j-api-1.7.36.jar;E:\apache-maven-3.9.4\maven_repository\org\slf4j\slf4j-reload4j\1.7.36\slf4j-reload4j-1.7.36.jar;E:\apache-maven-3.9.4\maven_repository\org\apache\avro\avro\1.7.7\avro-1.7.7.jar;E:\apache-maven-3.9.4\maven_repository\com\thoughtworks\paranamer\paranamer\2.3\paranamer-2.3.jar;E:\apache-maven-3.9.4\maven_repository\com\google\re2j\re2j\1.1\re2j-1.1.jar;E:\apache-maven-3.9.4\maven_repository\com\google\protobuf\protobuf-java\2.5.0\protobuf-java-2.5.0.jar;E:\apache-maven-3.9.4\maven_repository\com\google\code\gson\gson\2.8.9\gson-2.8.9.jar;E:\apache-maven-3.9.4\maven_repository\org\apache\hadoop\hadoop-auth\3.3.4\hadoop-auth-3.3.4.jar;E:\apache-maven-3.9.4\maven_repository\com\nimbusds\nimbus-jose-jwt\9.8.1\nimbus-jose-jwt-9.8.1.jar;E:\apache-maven-3.9.4\maven_repository\com\github\stephenc\jcip\jcip-annotations\1.0-1\jcip-annotations-1.0-1.jar;E:\apache-maven-3.9.4\maven_repository\net\minidev\json-smart\2.4.7\json-smart-2.4.7.jar;E:\apache-maven-3.9.4\maven_repository\net\minidev\accessors-smart\2.4.7\accessors-smart-2.4.7.jar;E:\apache-maven-3.9.4\maven_repository\org\ow2\asm\asm\9.1\asm-9.1.jar;E:\apache-maven-3.9.4\maven_repository\org\apache\curator\curator-framework\4.2.0\curator-framework-4.2.0.jar;E:\apache-maven-3.9.4\maven_repository\org\apache\kerby\kerb-simplekdc\1.0.1\kerb-simplekdc-1.0.1.jar;E:\apache-maven-3.9.4\maven_repository\org\apache\kerby\kerb-client\1.0.1\kerb-client-1.0.1.jar;E:\apache-maven-3.9.4\maven_repository\org\apache\kerby\kerby-config\1.0.1\kerby-config-1.0.1.jar;E:\apache-maven-3.9.4\maven_repository\org\apache\kerby\kerb-common\1.0.1\kerb-common-1.0.1.jar;E:\apache-maven-3.9.4\maven_repository\org\apache\kerby\kerb-crypto\1.0.1\kerb-crypto-1.0.1.jar;E:\apache-maven-3.9.4\maven_repository\org\apache\kerby\kerb-util\1.0.1\kerb-util-1.0.1.jar;E:\apache-maven-3.9.4\maven_repository\org\apache\kerby\token-provider\1.0.1\token-provider-1.0.1.jar;E:\apache-maven-3.9.4\maven_repository\org\apache\kerby\kerb-admin\1.0.1\kerb-admin-1.0.1.jar;E:\apache-maven-3.9.4\maven_repository\org\apache\kerby\kerb-server\1.0.1\kerb-server-1.0.1.jar;E:\apache-maven-3.9.4\maven_repository\org\apache\kerby\kerb-identity\1.0.1\kerb-identity-1.0.1.jar;E:\apache-maven-3.9.4\maven_repository\org\apache\kerby\kerby-xdr\1.0.1\kerby-xdr-1.0.1.jar;E:\apache-maven-3.9.4\maven_repository\com\jcraft\jsch\0.1.55\jsch-0.1.55.jar;E:\apache-maven-3.9.4\maven_repository\org\apache\curator\curator-client\4.2.0\curator-client-4.2.0.jar;E:\apache-maven-3.9.4\maven_repository\org\apache\curator\curator-recipes\4.2.0\curator-recipes-4.2.0.jar;E:\apache-maven-3.9.4\maven_repository\com\google\code\findbugs\jsr305\3.0.2\jsr305-3.0.2.jar;E:\apache-maven-3.9.4\maven_repository\org\apache\zookeeper\zookeeper\3.5.6\zookeeper-3.5.6.jar;E:\apache-maven-3.9.4\maven_repository\org\apache\zookeeper\zookeeper-jute\3.5.6\zookeeper-jute-3.5.6.jar;E:\apache-maven-3.9.4\maven_repository\org\apache\yetus\audience-annotations\0.5.0\audience-annotations-0.5.0.jar;E:\apache-maven-3.9.4\maven_repository\io\netty\netty-handler\4.1.42.Final\netty-handler-4.1.42.Final.jar;E:\apache-maven-3.9.4\maven_repository\io\netty\netty-transport-native-epoll\4.1.42.Final\netty-transport-native-epoll-4.1.42.Final.jar;E:\apache-maven-3.9.4\maven_repository\org\slf4j\slf4j-log4j12\1.7.25\slf4j-log4j12-1.7.25.jar;E:\apache-maven-3.9.4\maven_repository\log4j\log4j\1.2.17\log4j-1.2.17.jar;E:\apache-maven-3.9.4\maven_repository\org\apache\commons\commons-compress\1.21\commons-compress-1.21.jar;E:\apache-maven-3.9.4\maven_repository\org\apache\kerby\kerb-core\1.0.1\kerb-core-1.0.1.jar;E:\apache-maven-3.9.4\maven_repository\org\apache\kerby\kerby-pkix\1.0.1\kerby-pkix-1.0.1.jar;E:\apache-maven-3.9.4\maven_repository\org\apache\kerby\kerby-asn1\1.0.1\kerby-asn1-1.0.1.jar;E:\apache-maven-3.9.4\maven_repository\org\apache\kerby\kerby-util\1.0.1\kerby-util-1.0.1.jar;E:\apache-maven-3.9.4\maven_repository\com\fasterxml\jackson\core\jackson-databind\2.12.7\jackson-databind-2.12.7.jar;E:\apache-maven-3.9.4\maven_repository\com\fasterxml\jackson\core\jackson-annotations\2.12.7\jackson-annotations-2.12.7.jar;E:\apache-maven-3.9.4\maven_repository\com\fasterxml\jackson\core\jackson-core\2.12.7\jackson-core-2.12.7.jar;E:\apache-maven-3.9.4\maven_repository\org\codehaus\woodstox\stax2-api\4.2.1\stax2-api-4.2.1.jar;E:\apache-maven-3.9.4\maven_repository\com\fasterxml\woodstox\woodstox-core\5.3.0\woodstox-core-5.3.0.jar;E:\apache-maven-3.9.4\maven_repository\dnsjava\dnsjava\2.1.7\dnsjava-2.1.7.jar;E:\apache-maven-3.9.4\maven_repository\org\xerial\snappy\snappy-java\1.1.8.2\snappy-java-1.1.8.2.jar;E:\apache-maven-3.9.4\maven_repository\org\apache\hadoop\hadoop-hdfs\3.3.4\hadoop-hdfs-3.3.4.jar;E:\apache-maven-3.9.4\maven_repository\org\eclipse\jetty\jetty-util-ajax\9.4.43.v20210629\jetty-util-ajax-9.4.43.v20210629.jar;E:\apache-maven-3.9.4\maven_repository\commons-daemon\commons-daemon\1.0.13\commons-daemon-1.0.13.jar;E:\apache-maven-3.9.4\maven_repository\io\netty\netty\3.10.6.Final\netty-3.10.6.Final.jar;E:\apache-maven-3.9.4\maven_repository\io\netty\netty-all\4.1.77.Final\netty-all-4.1.77.Final.jar;E:\apache-maven-3.9.4\maven_repository\io\netty\netty-buffer\4.1.77.Final\netty-buffer-4.1.77.Final.jar;E:\apache-maven-3.9.4\maven_repository\io\netty\netty-codec\4.1.77.Final\netty-codec-4.1.77.Final.jar;E:\apache-maven-3.9.4\maven_repository\io\netty\netty-codec-dns\4.1.77.Final\netty-codec-dns-4.1.77.Final.jar;E:\apache-maven-3.9.4\maven_repository\io\netty\netty-codec-haproxy\4.1.77.Final\netty-codec-haproxy-4.1.77.Final.jar;E:\apache-maven-3.9.4\maven_repository\io\netty\netty-codec-http\4.1.77.Final\netty-codec-http-4.1.77.Final.jar;E:\apache-maven-3.9.4\maven_repository\io\netty\netty-codec-http2\4.1.77.Final\netty-codec-http2-4.1.77.Final.jar;E:\apache-maven-3.9.4\maven_repository\io\netty\netty-codec-memcache\4.1.77.Final\netty-codec-memcache-4.1.77.Final.jar;E:\apache-maven-3.9.4\maven_repository\io\netty\netty-codec-mqtt\4.1.77.Final\netty-codec-mqtt-4.1.77.Final.jar;E:\apache-maven-3.9.4\maven_repository\io\netty\netty-codec-redis\4.1.77.Final\netty-codec-redis-4.1.77.Final.jar;E:\apache-maven-3.9.4\maven_repository\io\netty\netty-codec-smtp\4.1.77.Final\netty-codec-smtp-4.1.77.Final.jar;E:\apache-maven-3.9.4\maven_repository\io\netty\netty-codec-socks\4.1.77.Final\netty-codec-socks-4.1.77.Final.jar;E:\apache-maven-3.9.4\maven_repository\io\netty\netty-codec-stomp\4.1.77.Final\netty-codec-stomp-4.1.77.Final.jar;E:\apache-maven-3.9.4\maven_repository\io\netty\netty-codec-xml\4.1.77.Final\netty-codec-xml-4.1.77.Final.jar;E:\apache-maven-3.9.4\maven_repository\io\netty\netty-common\4.1.77.Final\netty-common-4.1.77.Final.jar;E:\apache-maven-3.9.4\maven_repository\io\netty\netty-handler-proxy\4.1.77.Final\netty-handler-proxy-4.1.77.Final.jar;E:\apache-maven-3.9.4\maven_repository\io\netty\netty-resolver\4.1.77.Final\netty-resolver-4.1.77.Final.jar;E:\apache-maven-3.9.4\maven_repository\io\netty\netty-resolver-dns\4.1.77.Final\netty-resolver-dns-4.1.77.Final.jar;E:\apache-maven-3.9.4\maven_repository\io\netty\netty-transport\4.1.77.Final\netty-transport-4.1.77.Final.jar;E:\apache-maven-3.9.4\maven_repository\io\netty\netty-transport-rxtx\4.1.77.Final\netty-transport-rxtx-4.1.77.Final.jar;E:\apache-maven-3.9.4\maven_repository\io\netty\netty-transport-sctp\4.1.77.Final\netty-transport-sctp-4.1.77.Final.jar;E:\apache-maven-3.9.4\maven_repository\io\netty\netty-transport-udt\4.1.77.Final\netty-transport-udt-4.1.77.Final.jar;E:\apache-maven-3.9.4\maven_repository\io\netty\netty-transport-classes-epoll\4.1.77.Final\netty-transport-classes-epoll-4.1.77.Final.jar;E:\apache-maven-3.9.4\maven_repository\io\netty\netty-transport-native-unix-common\4.1.77.Final\netty-transport-native-unix-common-4.1.77.Final.jar;E:\apache-maven-3.9.4\maven_repository\io\netty\netty-transport-classes-kqueue\4.1.77.Final\netty-transport-classes-kqueue-4.1.77.Final.jar;E:\apache-maven-3.9.4\maven_repository\io\netty\netty-resolver-dns-classes-macos\4.1.77.Final\netty-resolver-dns-classes-macos-4.1.77.Final.jar;E:\apache-maven-3.9.4\maven_repository\io\netty\netty-transport-native-epoll\4.1.77.Final\netty-transport-native-epoll-4.1.77.Final-linux-x86_64.jar;E:\apache-maven-3.9.4\maven_repository\io\netty\netty-transport-native-epoll\4.1.77.Final\netty-transport-native-epoll-4.1.77.Final-linux-aarch_64.jar;E:\apache-maven-3.9.4\maven_repository\io\netty\netty-transport-native-kqueue\4.1.77.Final\netty-transport-native-kqueue-4.1.77.Final-osx-x86_64.jar;E:\apache-maven-3.9.4\maven_repository\io\netty\netty-transport-native-kqueue\4.1.77.Final\netty-transport-native-kqueue-4.1.77.Final-osx-aarch_64.jar;E:\apache-maven-3.9.4\maven_repository\io\netty\netty-resolver-dns-native-macos\4.1.77.Final\netty-resolver-dns-native-macos-4.1.77.Final-osx-x86_64.jar;E:\apache-maven-3.9.4\maven_repository\io\netty\netty-resolver-dns-native-macos\4.1.77.Final\netty-resolver-dns-native-macos-4.1.77.Final-osx-aarch_64.jar;E:\apache-maven-3.9.4\maven_repository\org\fusesource\leveldbjni\leveldbjni-all\1.8\leveldbjni-all-1.8.jar;E:\apache-maven-3.9.4\maven_repository\org\apache\hadoop\hadoop-mapreduce-client-core\3.3.4\hadoop-mapreduce-client-core-3.3.4.jar;E:\apache-maven-3.9.4\maven_repository\org\apache\hadoop\hadoop-yarn-client\3.3.4\hadoop-yarn-client-3.3.4.jar;E:\apache-maven-3.9.4\maven_repository\org\eclipse\jetty\websocket\websocket-client\9.4.43.v20210629\websocket-client-9.4.43.v20210629.jar;E:\apache-maven-3.9.4\maven_repository\org\eclipse\jetty\jetty-client\9.4.43.v20210629\jetty-client-9.4.43.v20210629.jar;E:\apache-maven-3.9.4\maven_repository\org\eclipse\jetty\websocket\websocket-common\9.4.43.v20210629\websocket-common-9.4.43.v20210629.jar;E:\apache-maven-3.9.4\maven_repository\org\eclipse\jetty\websocket\websocket-api\9.4.43.v20210629\websocket-api-9.4.43.v20210629.jar;E:\apache-maven-3.9.4\maven_repository\org\jline\jline\3.9.0\jline-3.9.0.jar;E:\apache-maven-3.9.4\maven_repository\org\apache\hadoop\hadoop-yarn-common\3.3.4\hadoop-yarn-common-3.3.4.jar;E:\apache-maven-3.9.4\maven_repository\javax\xml\bind\jaxb-api\2.2.11\jaxb-api-2.2.11.jar;E:\apache-maven-3.9.4\maven_repository\com\sun\jersey\jersey-client\1.19\jersey-client-1.19.jar;E:\apache-maven-3.9.4\maven_repository\com\google\inject\guice\4.0\guice-4.0.jar;E:\apache-maven-3.9.4\maven_repository\javax\inject\javax.inject\1\javax.inject-1.jar;E:\apache-maven-3.9.4\maven_repository\aopalliance\aopalliance\1.0\aopalliance-1.0.jar;E:\apache-maven-3.9.4\maven_repository\com\sun\jersey\contribs\jersey-guice\1.19\jersey-guice-1.19.jar;E:\apache-maven-3.9.4\maven_repository\com\fasterxml\jackson\module\jackson-module-jaxb-annotations\2.12.7\jackson-module-jaxb-annotations-2.12.7.jar;E:\apache-maven-3.9.4\maven_repository\jakarta\xml\bind\jakarta.xml.bind-api\2.3.2\jakarta.xml.bind-api-2.3.2.jar;E:\apache-maven-3.9.4\maven_repository\com\fasterxml\jackson\jaxrs\jackson-jaxrs-json-provider\2.12.7\jackson-jaxrs-json-provider-2.12.7.jar;E:\apache-maven-3.9.4\maven_repository\com\fasterxml\jackson\jaxrs\jackson-jaxrs-base\2.12.7\jackson-jaxrs-base-2.12.7.jar;E:\apache-maven-3.9.4\maven_repository\org\apache\hadoop\hadoop-hdfs-client\3.3.4\hadoop-hdfs-client-3.3.4.jar;E:\apache-maven-3.9.4\maven_repository\com\squareup\okhttp3\okhttp\4.9.3\okhttp-4.9.3.jar;E:\apache-maven-3.9.4\maven_repository\com\squareup\okio\okio\2.8.0\okio-2.8.0.jar;E:\apache-maven-3.9.4\maven_repository\org\jetbrains\kotlin\kotlin-stdlib\1.4.10\kotlin-stdlib-1.4.10.jar;E:\apache-maven-3.9.4\maven_repository\org\jetbrains\kotlin\kotlin-stdlib-common\1.4.10\kotlin-stdlib-common-1.4.10.jar;E:\apache-maven-3.9.4\maven_repository\com\google\inject\extensions\guice-servlet\4.0\guice-servlet-4.0.jar;E:\apache-maven-3.9.4\maven_repository\org\apache\hadoop\hadoop-client\3.3.4\hadoop-client-3.3.4.jar;E:\apache-maven-3.9.4\maven_repository\org\apache\hadoop\hadoop-yarn-api\3.3.4\hadoop-yarn-api-3.3.4.jar;E:\apache-maven-3.9.4\maven_repository\org\apache\hadoop\hadoop-mapreduce-client-jobclient\3.3.4\hadoop-mapreduce-client-jobclient-3.3.4.jar;E:\apache-maven-3.9.4\maven_repository\org\apache\hadoop\hadoop-mapreduce-client-common\3.3.4\hadoop-mapreduce-client-common-3.3.4.jar;"/>
    <property name="java.vm.vendor" value="Oracle Corporation"/>
    <property name="sun.arch.data.model" value="64"/>
    <property name="user.variant" value=""/>
    <property name="java.vendor.url" value="http://java.oracle.com/"/>
    <property name="user.timezone" value="Asia/Shanghai"/>
    <property name="java.vm.specification.version" value="1.8"/>
    <property name="os.name" value="Windows 10"/>
    <property name="user.country" value="CN"/>
    <property name="sun.java.launcher" value="SUN_STANDARD"/>
    <property name="sun.boot.library.path" value="C:\Java\jdk-1.8\jre\bin"/>
    <property name="sun.java.command" value="C:\Users\86155\AppData\Local\Temp\surefire1628180423197336904\surefirebooter-20240311184154989_3.jar C:\Users\86155\AppData\Local\Temp\surefire1628180423197336904 2024-03-11T18-41-54_667-jvmRun1 surefire-20240311184154989_1tmp surefire_0-20240311184154989_2tmp"/>
    <property name="surefire.test.class.path" value="E:\MavenProject\wordcount_english\target\test-classes;E:\MavenProject\wordcount_english\target\classes;E:\apache-maven-3.9.4\maven_repository\junit\junit\3.8.1\junit-3.8.1.jar;E:\apache-maven-3.9.4\maven_repository\org\apache\hadoop\hadoop-common\3.3.4\hadoop-common-3.3.4.jar;E:\apache-maven-3.9.4\maven_repository\org\apache\hadoop\thirdparty\hadoop-shaded-protobuf_3_7\1.1.1\hadoop-shaded-protobuf_3_7-1.1.1.jar;E:\apache-maven-3.9.4\maven_repository\org\apache\hadoop\hadoop-annotations\3.3.4\hadoop-annotations-3.3.4.jar;C:\Java\jdk-1.8\jre\..\lib\tools.jar;E:\apache-maven-3.9.4\maven_repository\org\apache\hadoop\thirdparty\hadoop-shaded-guava\1.1.1\hadoop-shaded-guava-1.1.1.jar;E:\apache-maven-3.9.4\maven_repository\com\google\guava\guava\27.0-jre\guava-27.0-jre.jar;E:\apache-maven-3.9.4\maven_repository\com\google\guava\failureaccess\1.0\failureaccess-1.0.jar;E:\apache-maven-3.9.4\maven_repository\com\google\guava\listenablefuture\9999.0-empty-to-avoid-conflict-with-guava\listenablefuture-9999.0-empty-to-avoid-conflict-with-guava.jar;E:\apache-maven-3.9.4\maven_repository\org\checkerframework\checker-qual\2.5.2\checker-qual-2.5.2.jar;E:\apache-maven-3.9.4\maven_repository\com\google\j2objc\j2objc-annotations\1.1\j2objc-annotations-1.1.jar;E:\apache-maven-3.9.4\maven_repository\org\codehaus\mojo\animal-sniffer-annotations\1.17\animal-sniffer-annotations-1.17.jar;E:\apache-maven-3.9.4\maven_repository\commons-cli\commons-cli\1.2\commons-cli-1.2.jar;E:\apache-maven-3.9.4\maven_repository\org\apache\commons\commons-math3\3.1.1\commons-math3-3.1.1.jar;E:\apache-maven-3.9.4\maven_repository\org\apache\httpcomponents\httpclient\4.5.13\httpclient-4.5.13.jar;E:\apache-maven-3.9.4\maven_repository\org\apache\httpcomponents\httpcore\4.4.13\httpcore-4.4.13.jar;E:\apache-maven-3.9.4\maven_repository\commons-codec\commons-codec\1.15\commons-codec-1.15.jar;E:\apache-maven-3.9.4\maven_repository\commons-io\commons-io\2.8.0\commons-io-2.8.0.jar;E:\apache-maven-3.9.4\maven_repository\commons-net\commons-net\3.6\commons-net-3.6.jar;E:\apache-maven-3.9.4\maven_repository\commons-collections\commons-collections\3.2.2\commons-collections-3.2.2.jar;E:\apache-maven-3.9.4\maven_repository\javax\servlet\javax.servlet-api\3.1.0\javax.servlet-api-3.1.0.jar;E:\apache-maven-3.9.4\maven_repository\jakarta\activation\jakarta.activation-api\1.2.1\jakarta.activation-api-1.2.1.jar;E:\apache-maven-3.9.4\maven_repository\org\eclipse\jetty\jetty-server\9.4.43.v20210629\jetty-server-9.4.43.v20210629.jar;E:\apache-maven-3.9.4\maven_repository\org\eclipse\jetty\jetty-http\9.4.43.v20210629\jetty-http-9.4.43.v20210629.jar;E:\apache-maven-3.9.4\maven_repository\org\eclipse\jetty\jetty-io\9.4.43.v20210629\jetty-io-9.4.43.v20210629.jar;E:\apache-maven-3.9.4\maven_repository\org\eclipse\jetty\jetty-util\9.4.43.v20210629\jetty-util-9.4.43.v20210629.jar;E:\apache-maven-3.9.4\maven_repository\org\eclipse\jetty\jetty-servlet\9.4.43.v20210629\jetty-servlet-9.4.43.v20210629.jar;E:\apache-maven-3.9.4\maven_repository\org\eclipse\jetty\jetty-security\9.4.43.v20210629\jetty-security-9.4.43.v20210629.jar;E:\apache-maven-3.9.4\maven_repository\org\eclipse\jetty\jetty-webapp\9.4.43.v20210629\jetty-webapp-9.4.43.v20210629.jar;E:\apache-maven-3.9.4\maven_repository\org\eclipse\jetty\jetty-xml\9.4.43.v20210629\jetty-xml-9.4.43.v20210629.jar;E:\apache-maven-3.9.4\maven_repository\javax\servlet\jsp\jsp-api\2.1\jsp-api-2.1.jar;E:\apache-maven-3.9.4\maven_repository\com\sun\jersey\jersey-core\1.19\jersey-core-1.19.jar;E:\apache-maven-3.9.4\maven_repository\javax\ws\rs\jsr311-api\1.1.1\jsr311-api-1.1.1.jar;E:\apache-maven-3.9.4\maven_repository\com\sun\jersey\jersey-servlet\1.19\jersey-servlet-1.19.jar;E:\apache-maven-3.9.4\maven_repository\com\sun\jersey\jersey-json\1.19\jersey-json-1.19.jar;E:\apache-maven-3.9.4\maven_repository\org\codehaus\jettison\jettison\1.1\jettison-1.1.jar;E:\apache-maven-3.9.4\maven_repository\com\sun\xml\bind\jaxb-impl\2.2.3-1\jaxb-impl-2.2.3-1.jar;E:\apache-maven-3.9.4\maven_repository\org\codehaus\jackson\jackson-core-asl\1.9.2\jackson-core-asl-1.9.2.jar;E:\apache-maven-3.9.4\maven_repository\org\codehaus\jackson\jackson-mapper-asl\1.9.2\jackson-mapper-asl-1.9.2.jar;E:\apache-maven-3.9.4\maven_repository\org\codehaus\jackson\jackson-jaxrs\1.9.2\jackson-jaxrs-1.9.2.jar;E:\apache-maven-3.9.4\maven_repository\org\codehaus\jackson\jackson-xc\1.9.2\jackson-xc-1.9.2.jar;E:\apache-maven-3.9.4\maven_repository\com\sun\jersey\jersey-server\1.19\jersey-server-1.19.jar;E:\apache-maven-3.9.4\maven_repository\commons-logging\commons-logging\1.1.3\commons-logging-1.1.3.jar;E:\apache-maven-3.9.4\maven_repository\ch\qos\reload4j\reload4j\1.2.22\reload4j-1.2.22.jar;E:\apache-maven-3.9.4\maven_repository\commons-beanutils\commons-beanutils\1.9.4\commons-beanutils-1.9.4.jar;E:\apache-maven-3.9.4\maven_repository\org\apache\commons\commons-configuration2\2.1.1\commons-configuration2-2.1.1.jar;E:\apache-maven-3.9.4\maven_repository\org\apache\commons\commons-lang3\3.12.0\commons-lang3-3.12.0.jar;E:\apache-maven-3.9.4\maven_repository\org\apache\commons\commons-text\1.4\commons-text-1.4.jar;E:\apache-maven-3.9.4\maven_repository\org\slf4j\slf4j-api\1.7.36\slf4j-api-1.7.36.jar;E:\apache-maven-3.9.4\maven_repository\org\slf4j\slf4j-reload4j\1.7.36\slf4j-reload4j-1.7.36.jar;E:\apache-maven-3.9.4\maven_repository\org\apache\avro\avro\1.7.7\avro-1.7.7.jar;E:\apache-maven-3.9.4\maven_repository\com\thoughtworks\paranamer\paranamer\2.3\paranamer-2.3.jar;E:\apache-maven-3.9.4\maven_repository\com\google\re2j\re2j\1.1\re2j-1.1.jar;E:\apache-maven-3.9.4\maven_repository\com\google\protobuf\protobuf-java\2.5.0\protobuf-java-2.5.0.jar;E:\apache-maven-3.9.4\maven_repository\com\google\code\gson\gson\2.8.9\gson-2.8.9.jar;E:\apache-maven-3.9.4\maven_repository\org\apache\hadoop\hadoop-auth\3.3.4\hadoop-auth-3.3.4.jar;E:\apache-maven-3.9.4\maven_repository\com\nimbusds\nimbus-jose-jwt\9.8.1\nimbus-jose-jwt-9.8.1.jar;E:\apache-maven-3.9.4\maven_repository\com\github\stephenc\jcip\jcip-annotations\1.0-1\jcip-annotations-1.0-1.jar;E:\apache-maven-3.9.4\maven_repository\net\minidev\json-smart\2.4.7\json-smart-2.4.7.jar;E:\apache-maven-3.9.4\maven_repository\net\minidev\accessors-smart\2.4.7\accessors-smart-2.4.7.jar;E:\apache-maven-3.9.4\maven_repository\org\ow2\asm\asm\9.1\asm-9.1.jar;E:\apache-maven-3.9.4\maven_repository\org\apache\curator\curator-framework\4.2.0\curator-framework-4.2.0.jar;E:\apache-maven-3.9.4\maven_repository\org\apache\kerby\kerb-simplekdc\1.0.1\kerb-simplekdc-1.0.1.jar;E:\apache-maven-3.9.4\maven_repository\org\apache\kerby\kerb-client\1.0.1\kerb-client-1.0.1.jar;E:\apache-maven-3.9.4\maven_repository\org\apache\kerby\kerby-config\1.0.1\kerby-config-1.0.1.jar;E:\apache-maven-3.9.4\maven_repository\org\apache\kerby\kerb-common\1.0.1\kerb-common-1.0.1.jar;E:\apache-maven-3.9.4\maven_repository\org\apache\kerby\kerb-crypto\1.0.1\kerb-crypto-1.0.1.jar;E:\apache-maven-3.9.4\maven_repository\org\apache\kerby\kerb-util\1.0.1\kerb-util-1.0.1.jar;E:\apache-maven-3.9.4\maven_repository\org\apache\kerby\token-provider\1.0.1\token-provider-1.0.1.jar;E:\apache-maven-3.9.4\maven_repository\org\apache\kerby\kerb-admin\1.0.1\kerb-admin-1.0.1.jar;E:\apache-maven-3.9.4\maven_repository\org\apache\kerby\kerb-server\1.0.1\kerb-server-1.0.1.jar;E:\apache-maven-3.9.4\maven_repository\org\apache\kerby\kerb-identity\1.0.1\kerb-identity-1.0.1.jar;E:\apache-maven-3.9.4\maven_repository\org\apache\kerby\kerby-xdr\1.0.1\kerby-xdr-1.0.1.jar;E:\apache-maven-3.9.4\maven_repository\com\jcraft\jsch\0.1.55\jsch-0.1.55.jar;E:\apache-maven-3.9.4\maven_repository\org\apache\curator\curator-client\4.2.0\curator-client-4.2.0.jar;E:\apache-maven-3.9.4\maven_repository\org\apache\curator\curator-recipes\4.2.0\curator-recipes-4.2.0.jar;E:\apache-maven-3.9.4\maven_repository\com\google\code\findbugs\jsr305\3.0.2\jsr305-3.0.2.jar;E:\apache-maven-3.9.4\maven_repository\org\apache\zookeeper\zookeeper\3.5.6\zookeeper-3.5.6.jar;E:\apache-maven-3.9.4\maven_repository\org\apache\zookeeper\zookeeper-jute\3.5.6\zookeeper-jute-3.5.6.jar;E:\apache-maven-3.9.4\maven_repository\org\apache\yetus\audience-annotations\0.5.0\audience-annotations-0.5.0.jar;E:\apache-maven-3.9.4\maven_repository\io\netty\netty-handler\4.1.42.Final\netty-handler-4.1.42.Final.jar;E:\apache-maven-3.9.4\maven_repository\io\netty\netty-transport-native-epoll\4.1.42.Final\netty-transport-native-epoll-4.1.42.Final.jar;E:\apache-maven-3.9.4\maven_repository\org\slf4j\slf4j-log4j12\1.7.25\slf4j-log4j12-1.7.25.jar;E:\apache-maven-3.9.4\maven_repository\log4j\log4j\1.2.17\log4j-1.2.17.jar;E:\apache-maven-3.9.4\maven_repository\org\apache\commons\commons-compress\1.21\commons-compress-1.21.jar;E:\apache-maven-3.9.4\maven_repository\org\apache\kerby\kerb-core\1.0.1\kerb-core-1.0.1.jar;E:\apache-maven-3.9.4\maven_repository\org\apache\kerby\kerby-pkix\1.0.1\kerby-pkix-1.0.1.jar;E:\apache-maven-3.9.4\maven_repository\org\apache\kerby\kerby-asn1\1.0.1\kerby-asn1-1.0.1.jar;E:\apache-maven-3.9.4\maven_repository\org\apache\kerby\kerby-util\1.0.1\kerby-util-1.0.1.jar;E:\apache-maven-3.9.4\maven_repository\com\fasterxml\jackson\core\jackson-databind\2.12.7\jackson-databind-2.12.7.jar;E:\apache-maven-3.9.4\maven_repository\com\fasterxml\jackson\core\jackson-annotations\2.12.7\jackson-annotations-2.12.7.jar;E:\apache-maven-3.9.4\maven_repository\com\fasterxml\jackson\core\jackson-core\2.12.7\jackson-core-2.12.7.jar;E:\apache-maven-3.9.4\maven_repository\org\codehaus\woodstox\stax2-api\4.2.1\stax2-api-4.2.1.jar;E:\apache-maven-3.9.4\maven_repository\com\fasterxml\woodstox\woodstox-core\5.3.0\woodstox-core-5.3.0.jar;E:\apache-maven-3.9.4\maven_repository\dnsjava\dnsjava\2.1.7\dnsjava-2.1.7.jar;E:\apache-maven-3.9.4\maven_repository\org\xerial\snappy\snappy-java\1.1.8.2\snappy-java-1.1.8.2.jar;E:\apache-maven-3.9.4\maven_repository\org\apache\hadoop\hadoop-hdfs\3.3.4\hadoop-hdfs-3.3.4.jar;E:\apache-maven-3.9.4\maven_repository\org\eclipse\jetty\jetty-util-ajax\9.4.43.v20210629\jetty-util-ajax-9.4.43.v20210629.jar;E:\apache-maven-3.9.4\maven_repository\commons-daemon\commons-daemon\1.0.13\commons-daemon-1.0.13.jar;E:\apache-maven-3.9.4\maven_repository\io\netty\netty\3.10.6.Final\netty-3.10.6.Final.jar;E:\apache-maven-3.9.4\maven_repository\io\netty\netty-all\4.1.77.Final\netty-all-4.1.77.Final.jar;E:\apache-maven-3.9.4\maven_repository\io\netty\netty-buffer\4.1.77.Final\netty-buffer-4.1.77.Final.jar;E:\apache-maven-3.9.4\maven_repository\io\netty\netty-codec\4.1.77.Final\netty-codec-4.1.77.Final.jar;E:\apache-maven-3.9.4\maven_repository\io\netty\netty-codec-dns\4.1.77.Final\netty-codec-dns-4.1.77.Final.jar;E:\apache-maven-3.9.4\maven_repository\io\netty\netty-codec-haproxy\4.1.77.Final\netty-codec-haproxy-4.1.77.Final.jar;E:\apache-maven-3.9.4\maven_repository\io\netty\netty-codec-http\4.1.77.Final\netty-codec-http-4.1.77.Final.jar;E:\apache-maven-3.9.4\maven_repository\io\netty\netty-codec-http2\4.1.77.Final\netty-codec-http2-4.1.77.Final.jar;E:\apache-maven-3.9.4\maven_repository\io\netty\netty-codec-memcache\4.1.77.Final\netty-codec-memcache-4.1.77.Final.jar;E:\apache-maven-3.9.4\maven_repository\io\netty\netty-codec-mqtt\4.1.77.Final\netty-codec-mqtt-4.1.77.Final.jar;E:\apache-maven-3.9.4\maven_repository\io\netty\netty-codec-redis\4.1.77.Final\netty-codec-redis-4.1.77.Final.jar;E:\apache-maven-3.9.4\maven_repository\io\netty\netty-codec-smtp\4.1.77.Final\netty-codec-smtp-4.1.77.Final.jar;E:\apache-maven-3.9.4\maven_repository\io\netty\netty-codec-socks\4.1.77.Final\netty-codec-socks-4.1.77.Final.jar;E:\apache-maven-3.9.4\maven_repository\io\netty\netty-codec-stomp\4.1.77.Final\netty-codec-stomp-4.1.77.Final.jar;E:\apache-maven-3.9.4\maven_repository\io\netty\netty-codec-xml\4.1.77.Final\netty-codec-xml-4.1.77.Final.jar;E:\apache-maven-3.9.4\maven_repository\io\netty\netty-common\4.1.77.Final\netty-common-4.1.77.Final.jar;E:\apache-maven-3.9.4\maven_repository\io\netty\netty-handler-proxy\4.1.77.Final\netty-handler-proxy-4.1.77.Final.jar;E:\apache-maven-3.9.4\maven_repository\io\netty\netty-resolver\4.1.77.Final\netty-resolver-4.1.77.Final.jar;E:\apache-maven-3.9.4\maven_repository\io\netty\netty-resolver-dns\4.1.77.Final\netty-resolver-dns-4.1.77.Final.jar;E:\apache-maven-3.9.4\maven_repository\io\netty\netty-transport\4.1.77.Final\netty-transport-4.1.77.Final.jar;E:\apache-maven-3.9.4\maven_repository\io\netty\netty-transport-rxtx\4.1.77.Final\netty-transport-rxtx-4.1.77.Final.jar;E:\apache-maven-3.9.4\maven_repository\io\netty\netty-transport-sctp\4.1.77.Final\netty-transport-sctp-4.1.77.Final.jar;E:\apache-maven-3.9.4\maven_repository\io\netty\netty-transport-udt\4.1.77.Final\netty-transport-udt-4.1.77.Final.jar;E:\apache-maven-3.9.4\maven_repository\io\netty\netty-transport-classes-epoll\4.1.77.Final\netty-transport-classes-epoll-4.1.77.Final.jar;E:\apache-maven-3.9.4\maven_repository\io\netty\netty-transport-native-unix-common\4.1.77.Final\netty-transport-native-unix-common-4.1.77.Final.jar;E:\apache-maven-3.9.4\maven_repository\io\netty\netty-transport-classes-kqueue\4.1.77.Final\netty-transport-classes-kqueue-4.1.77.Final.jar;E:\apache-maven-3.9.4\maven_repository\io\netty\netty-resolver-dns-classes-macos\4.1.77.Final\netty-resolver-dns-classes-macos-4.1.77.Final.jar;E:\apache-maven-3.9.4\maven_repository\io\netty\netty-transport-native-epoll\4.1.77.Final\netty-transport-native-epoll-4.1.77.Final-linux-x86_64.jar;E:\apache-maven-3.9.4\maven_repository\io\netty\netty-transport-native-epoll\4.1.77.Final\netty-transport-native-epoll-4.1.77.Final-linux-aarch_64.jar;E:\apache-maven-3.9.4\maven_repository\io\netty\netty-transport-native-kqueue\4.1.77.Final\netty-transport-native-kqueue-4.1.77.Final-osx-x86_64.jar;E:\apache-maven-3.9.4\maven_repository\io\netty\netty-transport-native-kqueue\4.1.77.Final\netty-transport-native-kqueue-4.1.77.Final-osx-aarch_64.jar;E:\apache-maven-3.9.4\maven_repository\io\netty\netty-resolver-dns-native-macos\4.1.77.Final\netty-resolver-dns-native-macos-4.1.77.Final-osx-x86_64.jar;E:\apache-maven-3.9.4\maven_repository\io\netty\netty-resolver-dns-native-macos\4.1.77.Final\netty-resolver-dns-native-macos-4.1.77.Final-osx-aarch_64.jar;E:\apache-maven-3.9.4\maven_repository\org\fusesource\leveldbjni\leveldbjni-all\1.8\leveldbjni-all-1.8.jar;E:\apache-maven-3.9.4\maven_repository\org\apache\hadoop\hadoop-mapreduce-client-core\3.3.4\hadoop-mapreduce-client-core-3.3.4.jar;E:\apache-maven-3.9.4\maven_repository\org\apache\hadoop\hadoop-yarn-client\3.3.4\hadoop-yarn-client-3.3.4.jar;E:\apache-maven-3.9.4\maven_repository\org\eclipse\jetty\websocket\websocket-client\9.4.43.v20210629\websocket-client-9.4.43.v20210629.jar;E:\apache-maven-3.9.4\maven_repository\org\eclipse\jetty\jetty-client\9.4.43.v20210629\jetty-client-9.4.43.v20210629.jar;E:\apache-maven-3.9.4\maven_repository\org\eclipse\jetty\websocket\websocket-common\9.4.43.v20210629\websocket-common-9.4.43.v20210629.jar;E:\apache-maven-3.9.4\maven_repository\org\eclipse\jetty\websocket\websocket-api\9.4.43.v20210629\websocket-api-9.4.43.v20210629.jar;E:\apache-maven-3.9.4\maven_repository\org\jline\jline\3.9.0\jline-3.9.0.jar;E:\apache-maven-3.9.4\maven_repository\org\apache\hadoop\hadoop-yarn-common\3.3.4\hadoop-yarn-common-3.3.4.jar;E:\apache-maven-3.9.4\maven_repository\javax\xml\bind\jaxb-api\2.2.11\jaxb-api-2.2.11.jar;E:\apache-maven-3.9.4\maven_repository\com\sun\jersey\jersey-client\1.19\jersey-client-1.19.jar;E:\apache-maven-3.9.4\maven_repository\com\google\inject\guice\4.0\guice-4.0.jar;E:\apache-maven-3.9.4\maven_repository\javax\inject\javax.inject\1\javax.inject-1.jar;E:\apache-maven-3.9.4\maven_repository\aopalliance\aopalliance\1.0\aopalliance-1.0.jar;E:\apache-maven-3.9.4\maven_repository\com\sun\jersey\contribs\jersey-guice\1.19\jersey-guice-1.19.jar;E:\apache-maven-3.9.4\maven_repository\com\fasterxml\jackson\module\jackson-module-jaxb-annotations\2.12.7\jackson-module-jaxb-annotations-2.12.7.jar;E:\apache-maven-3.9.4\maven_repository\jakarta\xml\bind\jakarta.xml.bind-api\2.3.2\jakarta.xml.bind-api-2.3.2.jar;E:\apache-maven-3.9.4\maven_repository\com\fasterxml\jackson\jaxrs\jackson-jaxrs-json-provider\2.12.7\jackson-jaxrs-json-provider-2.12.7.jar;E:\apache-maven-3.9.4\maven_repository\com\fasterxml\jackson\jaxrs\jackson-jaxrs-base\2.12.7\jackson-jaxrs-base-2.12.7.jar;E:\apache-maven-3.9.4\maven_repository\org\apache\hadoop\hadoop-hdfs-client\3.3.4\hadoop-hdfs-client-3.3.4.jar;E:\apache-maven-3.9.4\maven_repository\com\squareup\okhttp3\okhttp\4.9.3\okhttp-4.9.3.jar;E:\apache-maven-3.9.4\maven_repository\com\squareup\okio\okio\2.8.0\okio-2.8.0.jar;E:\apache-maven-3.9.4\maven_repository\org\jetbrains\kotlin\kotlin-stdlib\1.4.10\kotlin-stdlib-1.4.10.jar;E:\apache-maven-3.9.4\maven_repository\org\jetbrains\kotlin\kotlin-stdlib-common\1.4.10\kotlin-stdlib-common-1.4.10.jar;E:\apache-maven-3.9.4\maven_repository\com\google\inject\extensions\guice-servlet\4.0\guice-servlet-4.0.jar;E:\apache-maven-3.9.4\maven_repository\org\apache\hadoop\hadoop-client\3.3.4\hadoop-client-3.3.4.jar;E:\apache-maven-3.9.4\maven_repository\org\apache\hadoop\hadoop-yarn-api\3.3.4\hadoop-yarn-api-3.3.4.jar;E:\apache-maven-3.9.4\maven_repository\org\apache\hadoop\hadoop-mapreduce-client-jobclient\3.3.4\hadoop-mapreduce-client-jobclient-3.3.4.jar;E:\apache-maven-3.9.4\maven_repository\org\apache\hadoop\hadoop-mapreduce-client-common\3.3.4\hadoop-mapreduce-client-common-3.3.4.jar;"/>
    <property name="sun.cpu.endian" value="little"/>
    <property name="user.home" value="C:\Users\86155"/>
    <property name="user.language" value="zh"/>
    <property name="java.specification.vendor" value="Oracle Corporation"/>
    <property name="java.home" value="C:\Java\jdk-1.8\jre"/>
    <property name="basedir" value="E:\MavenProject\wordcount_english"/>
    <property name="file.separator" value="\"/>
    <property name="line.separator" value="&#10;"/>
    <property name="java.vm.specification.vendor" value="Oracle Corporation"/>
    <property name="java.specification.name" value="Java Platform API Specification"/>
    <property name="java.awt.graphicsenv" value="sun.awt.Win32GraphicsEnvironment"/>
    <property name="surefire.real.class.path" value="C:\Users\86155\AppData\Local\Temp\surefire1628180423197336904\surefirebooter-20240311184154989_3.jar"/>
    <property name="sun.boot.class.path" value="C:\Java\jdk-1.8\jre\lib\resources.jar;C:\Java\jdk-1.8\jre\lib\rt.jar;C:\Java\jdk-1.8\jre\lib\jsse.jar;C:\Java\jdk-1.8\jre\lib\jce.jar;C:\Java\jdk-1.8\jre\lib\charsets.jar;C:\Java\jdk-1.8\jre\lib\jfr.jar;C:\Java\jdk-1.8\jre\classes"/>
    <property name="user.script" value=""/>
    <property name="sun.management.compiler" value="HotSpot 64-Bit Tiered Compilers"/>
    <property name="java.runtime.version" value="1.8.0_401-b10"/>
    <property name="user.name" value="86155"/>
    <property name="path.separator" value=";"/>
    <property name="os.version" value="10.0"/>
    <property name="java.endorsed.dirs" value="C:\Java\jdk-1.8\jre\lib\endorsed"/>
    <property name="java.runtime.name" value="Java(TM) SE Runtime Environment"/>
    <property name="file.encoding" value="GBK"/>
    <property name="java.vm.name" value="Java HotSpot(TM) 64-Bit Server VM"/>
    <property name="localRepository" value="E:\apache-maven-3.9.4\maven_repository"/>
    <property name="java.vendor.url.bug" value="http://bugreport.sun.com/bugreport/"/>
    <property name="java.io.tmpdir" value="C:\Users\86155\AppData\Local\Temp\"/>
    <property name="idea.version" value="2022.3.3"/>
    <property name="java.version" value="1.8.0_401"/>
    <property name="user.dir" value="E:\MavenProject\wordcount_english"/>
    <property name="os.arch" value="amd64"/>
    <property name="java.vm.specification.name" value="Java Virtual Machine Specification"/>
    <property name="java.awt.printerjob" value="sun.awt.windows.WPrinterJob"/>
    <property name="sun.os.patch.level" value=""/>
    <property name="java.library.path" value="C:\Java\jdk-1.8\jre\bin;C:\Windows\Sun\Java\bin;C:\Windows\system32;C:\Windows;C:\Program Files (x86)\Common Files\Oracle\Java\javapath;C:\Program Files (x86)\VMware\VMware Workstation\bin\;C:\Windows;C:\Windows\system32;C:\Windows\System32\Wbem;C:\Windows\System32\WindowsPowerShell\v1.0\;C:\Windows\System32\OpenSSH\;C:\Program Files (x86)\NVIDIA Corporation\PhysX\Common;C:\Program Files\NVIDIA Corporation\NVIDIA NvDLISR;C:\Program Files\MySQL\MySQL Server 8.0\bin;E:\MATLAB\R2023a\bin;C:\jdk-17\bin;E:\hadoop-3.3.4\bin;%MAVEN_HOME%\bin;C:\Program Files\MySQL\MySQL Shell 8.0\bin\;C:\Users\86155\anaconda3;C:\Users\86155\anaconda3\Library\mingw-w64\bin;C:\Users\86155\anaconda3\Library\usr\bin;C:\Users\86155\anaconda3\Library\bin;C:\Users\86155\anaconda3\Scripts;C:\Users\86155\AppData\Local\Programs\Python\Python310\Scripts\;C:\Users\86155\AppData\Local\Programs\Python\Python310\;C:\Users\86155\AppData\Local\Microsoft\WindowsApps;C:\Program Files\JetBrains\PyCharm Community Edition 2021.3.3\bin;;;."/>
    <property name="java.vm.info" value="mixed mode"/>
    <property name="java.vendor" value="Oracle Corporation"/>
    <property name="java.vm.version" value="25.401-b10"/>
    <property name="java.specification.maintenance.version" value="5"/>
    <property name="java.ext.dirs" value="C:\Java\jdk-1.8\jre\lib\ext;C:\Windows\Sun\Java\lib\ext"/>
    <property name="sun.io.unicode.encoding" value="UnicodeLittle"/>
    <property name="java.class.version" value="52.0"/>
  </properties>
  <testcase name="testApp" classname="org.example.AppTest" time="0.001"/>
</testsuite>